2020-05-12 17:53:33 INFO  BankController:350 - Account 15002 accessed for balance inquery.
2020-05-12 17:53:45 INFO  BankController:393 - $200.0 was deposited into account 15002
2020-05-12 17:53:47 INFO  BankController:350 - Account 15002 accessed for balance inquery.
2020-05-12 17:53:53 INFO  BankController:393 - $5000.0 was deposited into account 15002
2020-05-12 17:53:55 INFO  BankController:350 - Account 15002 accessed for balance inquery.
2020-05-12 17:54:04 INFO  BankController:393 - $4000.0 was deposited into account 15002
2020-05-12 17:54:12 INFO  BankController:437 - $2000.0 was withdrawn from account 15002
2020-05-12 17:54:14 INFO  BankController:350 - Account 15002 accessed for balance inquery.
2020-05-12 17:56:45 INFO  BankController:437 - $7000.0 was withdrawn from account 15002
2020-05-12 17:56:48 INFO  BankController:350 - Account 15002 accessed for balance inquery.
2020-05-12 17:56:55 INFO  BankController:437 - $2000.0 was withdrawn from account 15002
2020-05-12 17:56:56 INFO  BankController:350 - Account 15002 accessed for balance inquery.
2020-05-12 17:57:03 INFO  BankController:350 - Account 15002 accessed for balance inquery.
2020-05-12 17:57:09 INFO  BankController:249 - $410.0 was transfered from savings to checking in account 15002
2020-05-12 17:57:11 INFO  BankController:350 - Account 15002 accessed for balance inquery.
2020-05-12 17:57:16 INFO  BankController:350 - Account 15002 accessed for balance inquery.
2020-05-12 17:57:19 INFO  BankController:221 - $2410.0 was transfered from checking to savings in account 15002
2020-05-12 17:57:22 INFO  BankController:350 - Account 15002 accessed for balance inquery.
2020-05-12 17:57:26 INFO  BankController:350 - Account 15002 accessed for balance inquery.
2020-05-12 17:57:31 INFO  BankController:249 - $1410.0 was transfered from savings to checking in account 15002
2020-05-12 17:57:33 INFO  BankController:350 - Account 15002 accessed for balance inquery.
2020-05-12 17:57:38 INFO  BankController:350 - Account 15002 accessed for balance inquery.
2020-05-12 17:59:09 INFO  BankController:297 - 540.0 was transfered from savings account 15002, to account 15000
2020-05-12 17:59:16 INFO  BankController:350 - Account 15002 accessed for balance inquery.
2020-05-12 17:59:29 INFO  BankController:350 - Account 15002 accessed for balance inquery.
2020-05-12 17:59:36 INFO  BankController:329 - $1540.0 was transfered from checking account 15002, to account 15000
2020-05-12 17:59:38 INFO  BankController:350 - Account 15002 accessed for balance inquery.
2020-05-12 18:00:05 INFO  BankController:350 - Account 15000 accessed for balance inquery.
2020-05-12 18:51:33 INFO  BankController:363 - Account 15000 accessed for balance inquery.
2020-05-12 18:51:58 INFO  BankController:406 - $1000.0 was deposited into account 15000
2020-05-12 18:52:07 INFO  BankController:406 - $1000.0 was deposited into account 15000
2020-05-12 18:52:13 INFO  BankController:363 - Account 15000 accessed for balance inquery.
2020-05-12 18:52:33 INFO  BankController:450 - $100.0 was withdrawn from account 15000
2020-05-12 18:52:42 INFO  BankController:406 - $100.0 was deposited into account 15000
2020-05-12 18:52:43 INFO  BankController:363 - Account 15000 accessed for balance inquery.
2020-05-12 18:52:54 INFO  BankController:450 - $1000.0 was withdrawn from account 15000
2020-05-12 18:53:09 INFO  BankController:450 - $1000.0 was withdrawn from account 15000
2020-05-12 18:53:11 INFO  BankController:363 - Account 15000 accessed for balance inquery.
2020-05-12 18:53:33 INFO  BankController:363 - Account 15000 accessed for balance inquery.
2020-05-12 18:53:52 INFO  BankController:262 - $540.0 was transfered from savings to checking in account 15000
2020-05-12 18:53:53 INFO  BankController:363 - Account 15000 accessed for balance inquery.
2020-05-12 18:54:02 INFO  BankController:363 - Account 15000 accessed for balance inquery.
2020-05-12 18:54:06 INFO  BankController:234 - $1540.0 was transfered from checking to savings in account 15000
2020-05-12 18:54:09 INFO  BankController:363 - Account 15000 accessed for balance inquery.
2020-05-12 18:54:35 INFO  BankController:363 - Account 15000 accessed for balance inquery.
2020-05-12 18:55:27 INFO  BankController:363 - Account 15000 accessed for balance inquery.
2020-05-12 18:55:39 INFO  BankController:310 - $-1.0 was transfered from savings account 15000, to account 1000
2020-05-12 18:55:43 INFO  BankController:363 - Account 15000 accessed for balance inquery.
2020-05-12 18:56:36 INFO  BankController:363 - Account 15000 accessed for balance inquery.
2020-05-12 18:57:23 INFO  BankController:310 - $1500.0 was transfered from savings account 15000, to account 15004
2020-05-12 18:57:25 INFO  BankController:363 - Account 15000 accessed for balance inquery.
2020-05-12 18:57:30 INFO  BankController:363 - Account 15000 accessed for balance inquery.
2020-05-12 18:57:36 INFO  BankController:342 - $-1.0 was transfered from checking account 15000, to account 1000
2020-05-12 18:57:38 INFO  BankController:363 - Account 15000 accessed for balance inquery.
2020-05-12 18:57:42 INFO  BankController:363 - Account 15000 accessed for balance inquery.
2020-05-12 18:57:51 WARN  BankController:344 - FAIL: Transfer from account 15000. Insufficient funds,
2020-05-12 18:57:53 INFO  BankController:363 - Account 15000 accessed for balance inquery.
2020-05-12 18:58:21 INFO  BankController:363 - Account 15000 accessed for balance inquery.
2020-05-12 18:58:29 INFO  BankController:342 - $2400.0 was transfered from checking account 15000, to account 15004
2020-05-12 18:58:31 INFO  BankController:363 - Account 15000 accessed for balance inquery.
2020-05-12 18:59:24 INFO  BankController:363 - Account 15004 accessed for balance inquery.
2020-05-12 19:19:41 INFO  BankController:367 - Account 15000 accessed for balance inquery.
2020-05-12 19:26:05 INFO  BankController:373 - Account 15000 accessed for balance inquery.
2020-05-12 19:26:09 INFO  BankController:373 - Account 15000 accessed for balance inquery.
2020-05-12 19:30:47 INFO  BankController:378 - Account 15000 accessed for balance inquery.
2020-05-12 19:35:21 INFO  BankController:375 - Account 15000 accessed for balance inquery.
2020-05-12 19:35:29 WARN  BankController:322 - FAIL: Transfer from account 15000. Insufficient funds,
2020-05-12 19:35:34 INFO  BankController:375 - Account 15000 accessed for balance inquery.
2020-05-12 19:36:28 INFO  BankController:371 - Account 15000 accessed for balance inquery.
2020-05-12 19:36:33 INFO  BankController:318 - $-1.0 was transfered from savings account 15000, to account 100
2020-05-12 19:36:35 INFO  BankController:371 - Account 15000 accessed for balance inquery.
2020-05-12 19:39:15 INFO  BankController:372 - Account 15000 accessed for balance inquery.
2020-05-12 19:39:24 INFO  BankController:319 - $510.0 was transfered from savings account 15000, to account 15002
2020-05-12 19:39:27 INFO  BankController:372 - Account 15000 accessed for balance inquery.
2020-05-12 19:39:44 INFO  BankController:372 - Account 15000 accessed for balance inquery.
2020-05-12 19:39:50 WARN  BankController:321 - FAIL: Transfer from account 15000. Insufficient funds,
2020-05-12 19:39:51 INFO  BankController:372 - Account 15000 accessed for balance inquery.
2020-05-12 19:41:12 INFO  BankController:419 - $5000.0 was deposited into account 15000
2020-05-12 19:41:16 INFO  BankController:419 - $1.0 was deposited into account 15000
2020-05-12 19:41:21 INFO  BankController:419 - $1000.0 was deposited into account 15000
2020-05-12 19:41:22 INFO  BankController:376 - Account 15000 accessed for balance inquery.
2020-05-12 19:41:28 INFO  BankController:376 - Account 15000 accessed for balance inquery.
2020-05-12 19:41:38 INFO  BankController:376 - Account 15000 accessed for balance inquery.
2020-05-12 19:41:44 INFO  BankController:376 - Account 15000 accessed for balance inquery.
2020-05-12 19:42:00 WARN  BankController:357 - FAIL: Transfer from account 15000. Insufficient funds,
2020-05-12 19:42:02 INFO  BankController:376 - Account 15000 accessed for balance inquery.
2020-05-12 19:42:43 INFO  BankController:377 - Account 15000 accessed for balance inquery.
2020-05-12 19:42:49 WARN  BankController:358 - FAIL: Transfer from account 15000. Insufficient funds,
2020-05-12 19:42:52 INFO  BankController:377 - Account 15000 accessed for balance inquery.
2020-05-12 19:45:21 INFO  BankController:383 - Account 15000 accessed for balance inquery.
2020-05-12 19:45:27 WARN  BankController:361 - FAIL: Transfer from account 15000. Insufficient funds,
2020-05-12 19:45:30 INFO  BankController:383 - Account 15000 accessed for balance inquery.
2020-05-12 19:45:35 INFO  BankController:383 - Account 15000 accessed for balance inquery.
2020-05-12 21:56:40 INFO  BankController:384 - Account 15001 accessed for balance inquery.
2020-05-12 21:56:44 INFO  BankController:384 - Account 15001 accessed for balance inquery.
2020-05-12 21:56:51 INFO  BankController:273 - $2500.0 was transfered from savings to checking in account 15001
2020-05-12 21:56:53 INFO  BankController:384 - Account 15001 accessed for balance inquery.
