2020-05-10 11:28:09 INFO  Main:33 - this also works
2020-05-10 11:28:26 INFO  Main:33 - this also works
2020-05-10 11:30:13 INFO  Main:30 - Hey, it workith!
2020-05-10 11:30:13 INFO  Main:33 - this also works
2020-05-10 11:30:13 ERROR Main:35 - HEY!
2020-05-10 11:40:12 INFO  Main:31 - Hey, it workith!
2020-05-10 11:40:12 INFO  Main:34 - this also works
2020-05-10 11:40:12 ERROR Main:36 - HEY!
2020-05-10 11:40:23 INFO  Main:31 - Hey, it workith!
2020-05-10 11:40:23 INFO  Main:34 - this also works
2020-05-10 11:40:23 ERROR Main:36 - HEY!
2020-05-10 11:40:50 INFO  Main:31 - Hey, it workith!
2020-05-10 11:40:50 INFO  Main:34 - this also works
2020-05-10 11:40:50 ERROR Main:36 - HEY!
2020-05-10 11:44:53 INFO  Main:31 - Hey, it workith!
2020-05-10 11:44:53 INFO  Main:34 - this also works
2020-05-10 11:44:53 ERROR Main:36 - HEY!
2020-05-10 11:45:02 INFO  Main:31 - Hey, it workith!
2020-05-10 11:45:02 INFO  Main:34 - this also works
2020-05-10 11:45:02 ERROR Main:36 - HEY!
2020-05-10 11:46:17 INFO  Main:31 - Hey, it workith!
2020-05-10 11:46:17 INFO  Main:34 - this also works
2020-05-10 11:46:17 ERROR Main:36 - HEY!
2020-05-10 11:48:08 INFO  Main:31 - Hey, it workith!
2020-05-10 11:48:08 INFO  Main:34 - this also works
2020-05-10 11:48:08 ERROR Main:36 - HEY!
2020-05-10 11:48:17 INFO  Main:31 - Hey, it workith!
2020-05-10 11:48:17 INFO  Main:34 - this also works
2020-05-10 11:48:17 ERROR Main:36 - HEY!
2020-05-10 11:48:55 INFO  Main:31 - trying with filters
2020-05-10 11:48:55 INFO  Main:34 - filters info
2020-05-10 11:48:55 ERROR Main:36 - filters error
2020-05-10 11:50:27 ERROR Main:36 - filters error
2020-05-10 12:11:06 ERROR Main:38 - filters error ONLY
2020-05-10 12:12:19 ERROR Main:38 - filters error ONLY
