2020-05-05 21:23:31 INFO  Main:17 - Hey, it workith!
2020-05-05 21:23:31 WARN  Main:22 - HEY!
2020-05-05 21:23:31 DEBUG Main:28 - This is a debug message
2020-05-05 21:24:38 INFO  Main:17 - Hey, it workith!
2020-05-05 21:24:38 WARN  Main:20 - HEY!
2020-05-05 21:24:59 INFO  Main:17 - Hey, it workith!
2020-05-05 21:24:59 WARN  Main:20 - HEY!
2020-05-08 17:30:47 INFO  Main:23 - Hey, it workith!
2020-05-08 17:30:47 WARN  Main:26 - HEY!
2020-05-10 11:15:34 INFO  Main:30 - Hey, it workith!
2020-05-10 11:15:34 WARN  Main:33 - HEY!
2020-05-10 11:15:50 INFO  Main:30 - Hey, it workith!
2020-05-10 11:15:50 ERROR Main:33 - HEY!
2020-05-10 11:19:43 INFO  Main:30 - Hey, it workith!
2020-05-10 11:19:43 ERROR Main:33 - HEY!
2020-05-10 11:20:12 INFO  Main:30 - Hey, it workith!
2020-05-10 11:20:12 INFO  Main:33 - this also works
2020-05-10 11:20:12 ERROR Main:35 - HEY!
2020-05-10 11:20:26 INFO  Main:30 - Hey, it workith!
2020-05-10 11:20:26 INFO  Main:33 - this also works
2020-05-10 11:20:26 ERROR Main:35 - HEY!
2020-05-10 11:21:29 INFO  Main:30 - Hey, it workith!
2020-05-10 11:21:29 INFO  Main:33 - this also works
2020-05-10 11:21:29 ERROR Main:35 - HEY!
2020-05-10 11:22:44 INFO  Main:30 - Hey, it workith!
2020-05-10 11:22:44 INFO  Main:33 - this also works
2020-05-10 11:22:44 ERROR Main:35 - HEY!
2020-05-10 11:23:55 INFO  Main:30 - Hey, it workith!
2020-05-10 11:23:55 INFO  Main:33 - this also works
2020-05-10 11:23:55 ERROR Main:35 - HEY!
2020-05-10 11:25:34 INFO  Main:30 - Hey, it workith!
2020-05-10 11:25:34 INFO  Main:33 - this also works
2020-05-10 11:25:34 ERROR Main:35 - HEY!
2020-05-10 11:25:45 INFO  Main:30 - Hey, it workith!
2020-05-10 11:25:45 INFO  Main:33 - this also works
2020-05-10 11:25:45 ERROR Main:35 - HEY!
2020-05-10 11:26:40 INFO  Main:30 - Hey, it workith!
2020-05-10 11:26:40 INFO  Main:33 - this also works
2020-05-10 11:26:40 ERROR Main:35 - HEY!
2020-05-10 11:26:51 INFO  Main:33 - this also works
2020-05-10 11:28:52 INFO  Main:33 - this also works
2020-05-10 11:29:02 INFO  Main:33 - this also works
2020-05-10 11:29:15 INFO  Main:30 - Hey, it workith!
2020-05-10 11:29:15 INFO  Main:33 - this also works
2020-05-10 11:29:15 ERROR Main:35 - HEY!
2020-05-10 11:29:32 INFO  Main:30 - Hey, it workith!
2020-05-10 11:29:32 INFO  Main:33 - this also works
2020-05-10 11:29:32 ERROR Main:35 - HEY!
2020-05-10 11:29:43 INFO  Main:30 - Hey, it workith!
2020-05-10 11:29:43 INFO  Main:33 - this also works
2020-05-10 11:29:43 ERROR Main:35 - HEY!
