2020-05-12 18:56:01,227 -0400 [main] INFO  (MainDriver.java:24) - ------------------------------
2020-05-12 18:56:01,236 -0400 [main] INFO  (MainDriver.java:29) - Login
2020-05-12 18:56:01,236 -0400 [main] INFO  (MainDriver.java:30) - Select an option below
2020-05-12 18:56:01,237 -0400 [main] INFO  (MainDriver.java:31) - ---------------------------
2020-05-12 18:56:01,237 -0400 [main] INFO  (MainDriver.java:32) - 1) Are you a Customer?
2020-05-12 18:56:01,237 -0400 [main] INFO  (MainDriver.java:33) - 2) Are you an Employee
2020-05-12 18:56:01,238 -0400 [main] INFO  (MainDriver.java:34) - 3) Exit
2020-05-12 18:56:05,311 -0400 [main] INFO  (MainDriver.java:239) - Welcome to the Employee portal!
2020-05-12 18:56:05,312 -0400 [main] INFO  (MainDriver.java:240) - -------------------------------
2020-05-12 18:56:05,312 -0400 [main] INFO  (MainDriver.java:241) - 1) Sign In
2020-05-12 18:56:05,312 -0400 [main] INFO  (MainDriver.java:242) - 2) Exit
2020-05-12 18:56:06,431 -0400 [main] INFO  (MainDriver.java:251) - Please Login
2020-05-12 18:56:06,431 -0400 [main] INFO  (MainDriver.java:252) - Enter Username
2020-05-12 18:56:09,914 -0400 [main] INFO  (MainDriver.java:254) - Enter Password
2020-05-12 18:56:15,476 -0400 [main] INFO  (MainDriver.java:258) - Login Verified
2020-05-12 18:56:15,479 -0400 [main] INFO  (MainDriver.java:267) - What would you like to do today
2020-05-12 18:56:15,479 -0400 [main] INFO  (MainDriver.java:268) - -------------------------------
2020-05-12 18:56:15,480 -0400 [main] INFO  (MainDriver.java:269) - 1) Approve Accounts
2020-05-12 18:56:15,480 -0400 [main] INFO  (MainDriver.java:270) - 2) Reject Accounts
2020-05-12 18:56:15,481 -0400 [main] INFO  (MainDriver.java:271) - 3) View Customer Account
2020-05-12 18:56:15,481 -0400 [main] INFO  (MainDriver.java:272) - 4) View Transaction Logs
2020-05-12 18:56:15,481 -0400 [main] INFO  (MainDriver.java:273) - 5) Exit
2020-05-12 18:56:17,414 -0400 [main] INFO  (MainDriver.java:325) - Enter Yes
2020-05-12 18:56:19,955 -0400 [main] INFO  (EmployeeDaoImpl.java:163) - Here are the Transaction Logs: 
2020-05-12 18:56:19,955 -0400 [main] INFO  (EmployeeDaoImpl.java:165) - 1000000140 
2020-05-12 18:56:19,956 -0400 [main] INFO  (EmployeeDaoImpl.java:165) - null 
2020-05-12 18:56:19,956 -0400 [main] INFO  (EmployeeDaoImpl.java:165) - 20.00 
2020-05-12 18:56:19,956 -0400 [main] INFO  (EmployeeDaoImpl.java:163) - Here are the Transaction Logs: 
2020-05-12 18:56:19,956 -0400 [main] INFO  (EmployeeDaoImpl.java:165) - 1000000140 
2020-05-12 18:56:19,956 -0400 [main] INFO  (EmployeeDaoImpl.java:165) - deposit 
2020-05-12 18:56:19,957 -0400 [main] INFO  (EmployeeDaoImpl.java:165) - 10.00 
2020-05-12 18:56:19,957 -0400 [main] INFO  (EmployeeDaoImpl.java:163) - Here are the Transaction Logs: 
2020-05-12 18:56:19,957 -0400 [main] INFO  (EmployeeDaoImpl.java:165) - 1000000140 
2020-05-12 18:56:19,957 -0400 [main] INFO  (EmployeeDaoImpl.java:165) - Withdrawl 
2020-05-12 18:56:19,957 -0400 [main] INFO  (EmployeeDaoImpl.java:165) - 10.00 
2020-05-12 18:56:19,958 -0400 [main] INFO  (EmployeeDaoImpl.java:163) - Here are the Transaction Logs: 
2020-05-12 18:56:19,958 -0400 [main] INFO  (EmployeeDaoImpl.java:165) - 1000000140 
2020-05-12 18:56:19,958 -0400 [main] INFO  (EmployeeDaoImpl.java:165) - Withdrawl 
2020-05-12 18:56:19,958 -0400 [main] INFO  (EmployeeDaoImpl.java:165) - 10.00 
2020-05-12 18:56:19,958 -0400 [main] INFO  (EmployeeDaoImpl.java:163) - Here are the Transaction Logs: 
2020-05-12 18:56:19,959 -0400 [main] INFO  (EmployeeDaoImpl.java:165) - From: 1000000140 
2020-05-12 18:56:19,959 -0400 [main] INFO  (EmployeeDaoImpl.java:165) - Money Transfer 
2020-05-12 18:56:19,959 -0400 [main] INFO  (EmployeeDaoImpl.java:165) - 30.00 
2020-05-12 18:56:19,959 -0400 [main] INFO  (EmployeeDaoImpl.java:163) - Here are the Transaction Logs: 
2020-05-12 18:56:19,959 -0400 [main] INFO  (EmployeeDaoImpl.java:165) - From: 1000000141 To: 1000000140 
2020-05-12 18:56:19,960 -0400 [main] INFO  (EmployeeDaoImpl.java:165) - Money Transfer 
2020-05-12 18:56:19,960 -0400 [main] INFO  (EmployeeDaoImpl.java:165) - 30.00 
2020-05-12 18:56:19,960 -0400 [main] INFO  (EmployeeDaoImpl.java:163) - Here are the Transaction Logs: 
2020-05-12 18:56:19,960 -0400 [main] INFO  (EmployeeDaoImpl.java:165) - From: 1000000141 To: 1000000140 
2020-05-12 18:56:19,960 -0400 [main] INFO  (EmployeeDaoImpl.java:165) - Money Transfer 
2020-05-12 18:56:19,961 -0400 [main] INFO  (EmployeeDaoImpl.java:165) - 20.00 
2020-05-12 18:56:19,961 -0400 [main] INFO  (EmployeeDaoImpl.java:163) - Here are the Transaction Logs: 
2020-05-12 18:56:19,961 -0400 [main] INFO  (EmployeeDaoImpl.java:165) - From: 1000000141 To: 1000000140 
2020-05-12 18:56:19,961 -0400 [main] INFO  (EmployeeDaoImpl.java:165) - Money Transfer Request 
2020-05-12 18:56:19,961 -0400 [main] INFO  (EmployeeDaoImpl.java:165) - 10.00 
2020-05-12 18:56:20,024 -0400 [main] INFO  (MainDriver.java:267) - What would you like to do today
2020-05-12 18:56:20,025 -0400 [main] INFO  (MainDriver.java:268) - -------------------------------
2020-05-12 18:56:20,025 -0400 [main] INFO  (MainDriver.java:269) - 1) Approve Accounts
2020-05-12 18:56:20,025 -0400 [main] INFO  (MainDriver.java:270) - 2) Reject Accounts
2020-05-12 18:56:20,025 -0400 [main] INFO  (MainDriver.java:271) - 3) View Customer Account
2020-05-12 18:56:20,025 -0400 [main] INFO  (MainDriver.java:272) - 4) View Transaction Logs
2020-05-12 18:56:20,025 -0400 [main] INFO  (MainDriver.java:273) - 5) Exit
2020-05-12 18:58:01,128 -0400 [main] INFO  (MainDriver.java:23) - Welcome to Moss Bank Solutions
2020-05-12 18:58:01,130 -0400 [main] INFO  (MainDriver.java:24) - ------------------------------
2020-05-12 18:58:01,136 -0400 [main] INFO  (MainDriver.java:29) - Login
2020-05-12 18:58:01,136 -0400 [main] INFO  (MainDriver.java:30) - Select an option below
2020-05-12 18:58:01,136 -0400 [main] INFO  (MainDriver.java:31) - ---------------------------
2020-05-12 18:58:01,136 -0400 [main] INFO  (MainDriver.java:32) - 1) Are you a Customer?
2020-05-12 18:58:01,136 -0400 [main] INFO  (MainDriver.java:33) - 2) Are you an Employee
2020-05-12 18:58:01,136 -0400 [main] INFO  (MainDriver.java:34) - 3) Exit
2020-05-12 18:58:03,694 -0400 [main] INFO  (MainDriver.java:239) - Welcome to the Employee portal!
2020-05-12 18:58:03,694 -0400 [main] INFO  (MainDriver.java:240) - -------------------------------
2020-05-12 18:58:03,695 -0400 [main] INFO  (MainDriver.java:241) - 1) Sign In
2020-05-12 18:58:03,695 -0400 [main] INFO  (MainDriver.java:242) - 2) Exit
2020-05-12 18:58:04,462 -0400 [main] INFO  (MainDriver.java:251) - Please Login
2020-05-12 18:58:04,462 -0400 [main] INFO  (MainDriver.java:252) - Enter Username
2020-05-12 18:58:07,407 -0400 [main] INFO  (MainDriver.java:254) - Enter Password
2020-05-12 18:58:12,765 -0400 [main] INFO  (MainDriver.java:258) - Login Verified
2020-05-12 18:58:12,766 -0400 [main] INFO  (MainDriver.java:267) - What would you like to do today
2020-05-12 18:58:12,766 -0400 [main] INFO  (MainDriver.java:268) - -------------------------------
2020-05-12 18:58:12,766 -0400 [main] INFO  (MainDriver.java:269) - 1) Approve Accounts
2020-05-12 18:58:12,766 -0400 [main] INFO  (MainDriver.java:270) - 2) Reject Accounts
2020-05-12 18:58:12,767 -0400 [main] INFO  (MainDriver.java:271) - 3) View Customer Account
2020-05-12 18:58:12,767 -0400 [main] INFO  (MainDriver.java:272) - 4) View Transaction Logs
2020-05-12 18:58:12,767 -0400 [main] INFO  (MainDriver.java:273) - 5) Exit
2020-05-12 18:58:14,297 -0400 [main] INFO  (MainDriver.java:325) - Enter Yes
2020-05-12 18:58:16,513 -0400 [main] INFO  (EmployeeDaoImpl.java:163) - Here are the Transaction Logs: 
2020-05-12 18:58:16,513 -0400 [main] INFO  (EmployeeDaoImpl.java:165) - 1000000140 
2020-05-12 18:58:16,513 -0400 [main] INFO  (EmployeeDaoImpl.java:165) - null 
2020-05-12 18:58:16,513 -0400 [main] INFO  (EmployeeDaoImpl.java:165) - 20.00 
2020-05-12 18:58:16,513 -0400 [main] INFO  (EmployeeDaoImpl.java:163) - Here are the Transaction Logs: 
2020-05-12 18:58:16,514 -0400 [main] INFO  (EmployeeDaoImpl.java:165) - 1000000140 
2020-05-12 18:58:16,514 -0400 [main] INFO  (EmployeeDaoImpl.java:165) - deposit 
2020-05-12 18:58:16,514 -0400 [main] INFO  (EmployeeDaoImpl.java:165) - 10.00 
2020-05-12 18:58:16,514 -0400 [main] INFO  (EmployeeDaoImpl.java:163) - Here are the Transaction Logs: 
2020-05-12 18:58:16,514 -0400 [main] INFO  (EmployeeDaoImpl.java:165) - 1000000140 
2020-05-12 18:58:16,514 -0400 [main] INFO  (EmployeeDaoImpl.java:165) - Withdrawl 
2020-05-12 18:58:16,515 -0400 [main] INFO  (EmployeeDaoImpl.java:165) - 10.00 
2020-05-12 18:58:16,515 -0400 [main] INFO  (EmployeeDaoImpl.java:163) - Here are the Transaction Logs: 
2020-05-12 18:58:16,515 -0400 [main] INFO  (EmployeeDaoImpl.java:165) - 1000000140 
2020-05-12 18:58:16,515 -0400 [main] INFO  (EmployeeDaoImpl.java:165) - Withdrawl 
2020-05-12 18:58:16,515 -0400 [main] INFO  (EmployeeDaoImpl.java:165) - 10.00 
2020-05-12 18:58:16,515 -0400 [main] INFO  (EmployeeDaoImpl.java:163) - Here are the Transaction Logs: 
2020-05-12 18:58:16,516 -0400 [main] INFO  (EmployeeDaoImpl.java:165) - From: 1000000140 
2020-05-12 18:58:16,516 -0400 [main] INFO  (EmployeeDaoImpl.java:165) - Money Transfer 
2020-05-12 18:58:16,516 -0400 [main] INFO  (EmployeeDaoImpl.java:165) - 30.00 
2020-05-12 18:58:16,516 -0400 [main] INFO  (EmployeeDaoImpl.java:163) - Here are the Transaction Logs: 
2020-05-12 18:58:16,516 -0400 [main] INFO  (EmployeeDaoImpl.java:165) - From: 1000000141 To: 1000000140 
2020-05-12 18:58:16,516 -0400 [main] INFO  (EmployeeDaoImpl.java:165) - Money Transfer 
2020-05-12 18:58:16,517 -0400 [main] INFO  (EmployeeDaoImpl.java:165) - 30.00 
2020-05-12 18:58:16,517 -0400 [main] INFO  (EmployeeDaoImpl.java:163) - Here are the Transaction Logs: 
2020-05-12 18:58:16,517 -0400 [main] INFO  (EmployeeDaoImpl.java:165) - From: 1000000141 To: 1000000140 
2020-05-12 18:58:16,517 -0400 [main] INFO  (EmployeeDaoImpl.java:165) - Money Transfer 
2020-05-12 18:58:16,517 -0400 [main] INFO  (EmployeeDaoImpl.java:165) - 20.00 
2020-05-12 18:58:16,517 -0400 [main] INFO  (EmployeeDaoImpl.java:163) - Here are the Transaction Logs: 
2020-05-12 18:58:16,518 -0400 [main] INFO  (EmployeeDaoImpl.java:165) - From: 1000000141 To: 1000000140 
2020-05-12 18:58:16,518 -0400 [main] INFO  (EmployeeDaoImpl.java:165) - Money Transfer Request 
2020-05-12 18:58:16,518 -0400 [main] INFO  (EmployeeDaoImpl.java:165) - 10.00 
2020-05-12 18:58:16,580 -0400 [main] INFO  (MainDriver.java:267) - What would you like to do today
2020-05-12 18:58:16,581 -0400 [main] INFO  (MainDriver.java:268) - -------------------------------
2020-05-12 18:58:16,581 -0400 [main] INFO  (MainDriver.java:269) - 1) Approve Accounts
2020-05-12 18:58:16,581 -0400 [main] INFO  (MainDriver.java:270) - 2) Reject Accounts
2020-05-12 18:58:16,582 -0400 [main] INFO  (MainDriver.java:271) - 3) View Customer Account
2020-05-12 18:58:16,582 -0400 [main] INFO  (MainDriver.java:272) - 4) View Transaction Logs
2020-05-12 18:58:16,582 -0400 [main] INFO  (MainDriver.java:273) - 5) Exit
2020-05-12 18:58:25,316 -0400 [main] INFO  (MainDriver.java:336) - Thanks for using our App.......
